<?xml version="1.0" encoding="UTF-8"?>
<testng-results skipped="0" failed="1" total="3" passed="2">
  <reporter-output>
    <line>
      <![CDATA[Test started running:testlogin at:16]]>
    </line>
    <line>
      <![CDATA[Test started running:testRegistraionWithValidData at:16]]>
    </line>
    <line>
      <![CDATA[<a href="/Users/bsingh5/Documents/video/selenium-project//src//test//java//com//companyname//projectname//screenshots//09-01-2016_14-33-testRegistraionWithValidData.png"><img src="file:////Users/bsingh5/Documents/video/selenium-project//src//test//java//com//companyname//projectname//screenshots//09-01-2016_14-33-testRegistraionWithValidData.png" alt=""height='100' width='100'/> <br />]]>
    </line>
    <line>
      <![CDATA[testRegistraionWithValidData--Test method failed
]]>
    </line>
    <line>
      <![CDATA[Test started running:testRegistraionWithInvalidData at:16]]>
    </line>
    <line>
      <![CDATA[Passeds: [ResultMap map={[TestResult name=testlogin status=SUCCESS method=TC001_testLogin.testlogin()[pri:0, instance:com.companyname.projectname.testscripts.TC001_testLogin@47ae658f] output={null}]=TC001_testLogin.testlogin()[pri:0, instance:com.companyname.projectname.testscripts.TC001_testLogin@47ae658f], [TestResult name=testRegistraionWithInvalidData status=SUCCESS method=TC002_testRegistraion.testRegistraionWithInvalidData()[pri:0, instance:com.companyname.projectname.testscripts.TC002_testRegistraion@52fe330e] output={null}]=TC002_testRegistraion.testRegistraionWithInvalidData()[pri:0, instance:com.companyname.projectname.testscripts.TC002_testRegistraion@52fe330e]}]]]>
    </line>
    <line>
      <![CDATA[Faileds:[ResultMap map={[TestResult name=testRegistraionWithValidData status=FAILURE method=TC002_testRegistraion.testRegistraionWithValidData()[pri:0, instance:com.companyname.projectname.testscripts.TC002_testRegistraion@52fe330e] output=<a href="/Users/bsingh5/Documents/video/selenium-project//src//test//java//com//companyname//projectname//screenshots//09-01-2016_14-33-testRegistraionWithValidData.png"><img src="file:////Users/bsingh5/Documents/video/selenium-project//src//test//java//com//companyname//projectname//screenshots//09-01-2016_14-33-testRegistraionWithValidData.png" alt=""height='100' width='100'/> <br />]=TC002_testRegistraion.testRegistraionWithValidData()[pri:0, instance:com.companyname.projectname.testscripts.TC002_testRegistraion@52fe330e]}]]]>
    </line>
  </reporter-output>
  <suite name="Regression Suit" duration-ms="42904" started-at="2016-09-01T08:36:56Z" finished-at="2016-09-01T08:37:39Z">
    <groups>
    </groups>
    <test name="Test" duration-ms="42904" started-at="2016-09-01T08:36:56Z" finished-at="2016-09-01T08:37:39Z">
      <class name="com.companyname.projectname.testscripts.TC002_testRegistraion">
        <test-method status="PASS" signature="setUP()[pri:0, instance:com.companyname.projectname.testscripts.TC002_testRegistraion@52fe330e]" name="setUP" is-config="true" duration-ms="7040" started-at="2016-09-01T14:07:11Z" finished-at="2016-09-01T14:07:18Z">
          <reporter-output>
          </reporter-output>
        </test-method> <!-- setUP -->
        <test-method status="FAIL" signature="testRegistraionWithValidData()[pri:0, instance:com.companyname.projectname.testscripts.TC002_testRegistraion@52fe330e]" name="testRegistraionWithValidData" duration-ms="14441" started-at="2016-09-01T14:07:18Z" description="Test Registration with valid data" finished-at="2016-09-01T14:07:33Z">
          <exception class="java.lang.AssertionError">
            <message>
              <![CDATA[Registration test is fail expected [true] but found [false]]]>
            </message>
            <full-stacktrace>
              <![CDATA[java.lang.AssertionError: Registration test is fail expected [true] but found [false]
	at org.testng.Assert.fail(Assert.java:94)
	at org.testng.Assert.failNotEquals(Assert.java:494)
	at org.testng.Assert.assertTrue(Assert.java:42)
	at com.companyname.projectname.testscripts.TC002_testRegistraion.testRegistraionWithValidData(TC002_testRegistraion.java:49)
	at sun.reflect.NativeMethodAccessorImpl.invoke0(Native Method)
	at sun.reflect.NativeMethodAccessorImpl.invoke(NativeMethodAccessorImpl.java:57)
	at sun.reflect.DelegatingMethodAccessorImpl.invoke(DelegatingMethodAccessorImpl.java:43)
	at java.lang.reflect.Method.invoke(Method.java:601)
	at org.testng.internal.MethodInvocationHelper.invokeMethod(MethodInvocationHelper.java:80)
	at org.testng.internal.Invoker.invokeMethod(Invoker.java:714)
	at org.testng.internal.Invoker.invokeTestMethod(Invoker.java:901)
	at org.testng.internal.Invoker.invokeTestMethods(Invoker.java:1231)
	at org.testng.internal.TestMethodWorker.invokeTestMethods(TestMethodWorker.java:127)
	at org.testng.internal.TestMethodWorker.run(TestMethodWorker.java:111)
	at org.testng.TestRunner.privateRun(TestRunner.java:767)
	at org.testng.TestRunner.run(TestRunner.java:617)
	at org.testng.SuiteRunner.runTest(SuiteRunner.java:334)
	at org.testng.SuiteRunner.runSequentially(SuiteRunner.java:329)
	at org.testng.SuiteRunner.privateRun(SuiteRunner.java:291)
	at org.testng.SuiteRunner.run(SuiteRunner.java:240)
	at org.testng.SuiteRunnerWorker.runSuite(SuiteRunnerWorker.java:52)
	at org.testng.SuiteRunnerWorker.run(SuiteRunnerWorker.java:86)
	at org.testng.TestNG.runSuitesSequentially(TestNG.java:1198)
	at org.testng.TestNG.runSuitesLocally(TestNG.java:1123)
	at org.testng.TestNG.run(TestNG.java:1031)
	at org.apache.maven.surefire.testng.TestNGExecutor.run(TestNGExecutor.java:295)
	at org.apache.maven.surefire.testng.TestNGXmlTestSuite.execute(TestNGXmlTestSuite.java:84)
	at org.apache.maven.surefire.testng.TestNGProvider.invoke(TestNGProvider.java:90)
	at sun.reflect.NativeMethodAccessorImpl.invoke0(Native Method)
	at sun.reflect.NativeMethodAccessorImpl.invoke(NativeMethodAccessorImpl.java:57)
	at sun.reflect.DelegatingMethodAccessorImpl.invoke(DelegatingMethodAccessorImpl.java:43)
	at java.lang.reflect.Method.invoke(Method.java:601)
	at org.apache.maven.surefire.util.ReflectionUtils.invokeMethodWithArray2(ReflectionUtils.java:208)
	at org.apache.maven.surefire.booter.ProviderFactory$ProviderProxy.invoke(ProviderFactory.java:155)
	at org.apache.maven.surefire.booter.ProviderFactory.invokeProvider(ProviderFactory.java:81)
	at org.apache.maven.plugin.surefire.InPluginVMSurefireStarter.runSuitesInProcess(InPluginVMSurefireStarter.java:82)
	at org.apache.maven.plugin.surefire.AbstractSurefireMojo.executeProvider(AbstractSurefireMojo.java:974)
	at org.apache.maven.plugin.surefire.AbstractSurefireMojo.executeAfterPreconditionsChecked(AbstractSurefireMojo.java:824)
	at org.apache.maven.plugin.surefire.AbstractSurefireMojo.execute(AbstractSurefireMojo.java:722)
	at org.apache.maven.plugin.DefaultBuildPluginManager.executeMojo(DefaultBuildPluginManager.java:134)
	at org.apache.maven.lifecycle.internal.MojoExecutor.execute(MojoExecutor.java:207)
	at org.apache.maven.lifecycle.internal.MojoExecutor.execute(MojoExecutor.java:153)
	at org.apache.maven.lifecycle.internal.MojoExecutor.execute(MojoExecutor.java:145)
	at org.apache.maven.lifecycle.internal.LifecycleModuleBuilder.buildProject(LifecycleModuleBuilder.java:116)
	at org.apache.maven.lifecycle.internal.LifecycleModuleBuilder.buildProject(LifecycleModuleBuilder.java:80)
	at org.apache.maven.lifecycle.internal.builder.singlethreaded.SingleThreadedBuilder.build(SingleThreadedBuilder.java:51)
	at org.apache.maven.lifecycle.internal.LifecycleStarter.execute(LifecycleStarter.java:128)
	at org.apache.maven.DefaultMaven.doExecute(DefaultMaven.java:307)
	at org.apache.maven.DefaultMaven.doExecute(DefaultMaven.java:193)
	at org.apache.maven.DefaultMaven.execute(DefaultMaven.java:106)
	at org.apache.maven.cli.MavenCli.execute(MavenCli.java:863)
	at org.apache.maven.cli.MavenCli.doMain(MavenCli.java:288)
	at org.apache.maven.cli.MavenCli.main(MavenCli.java:199)
	at sun.reflect.NativeMethodAccessorImpl.invoke0(Native Method)
	at sun.reflect.NativeMethodAccessorImpl.invoke(NativeMethodAccessorImpl.java:57)
	at sun.reflect.DelegatingMethodAccessorImpl.invoke(DelegatingMethodAccessorImpl.java:43)
	at java.lang.reflect.Method.invoke(Method.java:601)
	at org.codehaus.plexus.classworlds.launcher.Launcher.launchEnhanced(Launcher.java:289)
	at org.codehaus.plexus.classworlds.launcher.Launcher.launch(Launcher.java:229)
	at org.codehaus.plexus.classworlds.launcher.Launcher.mainWithExitCode(Launcher.java:415)
	at org.codehaus.plexus.classworlds.launcher.Launcher.main(Launcher.java:356)
]]>
            </full-stacktrace>
          </exception> <!-- java.lang.AssertionError -->
          <reporter-output>
            <line>
              <![CDATA[<a href="/Users/bsingh5/Documents/video/selenium-project//src//test//java//com//companyname//projectname//screenshots//09-01-2016_14-33-testRegistraionWithValidData.png"><img src="file:////Users/bsingh5/Documents/video/selenium-project//src//test//java//com//companyname//projectname//screenshots//09-01-2016_14-33-testRegistraionWithValidData.png" alt=""height='100' width='100'/> <br />]]>
            </line>
          </reporter-output>
        </test-method> <!-- testRegistraionWithValidData -->
        <test-method status="PASS" signature="testRegistraionWithInvalidData()[pri:0, instance:com.companyname.projectname.testscripts.TC002_testRegistraion@52fe330e]" name="testRegistraionWithInvalidData" duration-ms="6209" started-at="2016-09-01T14:07:33Z" description="Test Registration with invalid data" finished-at="2016-09-01T14:07:39Z">
          <reporter-output>
          </reporter-output>
        </test-method> <!-- testRegistraionWithInvalidData -->
        <test-method status="PASS" signature="quitBrowser()[pri:0, instance:com.companyname.projectname.testscripts.TC002_testRegistraion@52fe330e]" name="quitBrowser" is-config="true" duration-ms="86" started-at="2016-09-01T14:07:39Z" finished-at="2016-09-01T14:07:39Z">
          <reporter-output>
          </reporter-output>
        </test-method> <!-- quitBrowser -->
      </class> <!-- com.companyname.projectname.testscripts.TC002_testRegistraion -->
      <class name="com.companyname.projectname.testscripts.TC001_testLogin">
        <test-method status="PASS" signature="setUP()[pri:0, instance:com.companyname.projectname.testscripts.TC001_testLogin@47ae658f]" name="setUP" is-config="true" duration-ms="7840" started-at="2016-09-01T14:06:56Z" finished-at="2016-09-01T14:07:04Z">
          <reporter-output>
          </reporter-output>
        </test-method> <!-- setUP -->
        <test-method status="PASS" signature="testlogin()[pri:0, instance:com.companyname.projectname.testscripts.TC001_testLogin@47ae658f]" name="testlogin" duration-ms="7001" started-at="2016-09-01T14:07:04Z" finished-at="2016-09-01T14:07:11Z">
          <reporter-output>
          </reporter-output>
        </test-method> <!-- testlogin -->
        <test-method status="PASS" signature="quitBrowser()[pri:0, instance:com.companyname.projectname.testscripts.TC001_testLogin@47ae658f]" name="quitBrowser" is-config="true" duration-ms="88" started-at="2016-09-01T14:07:11Z" finished-at="2016-09-01T14:07:11Z">
          <reporter-output>
          </reporter-output>
        </test-method> <!-- quitBrowser -->
      </class> <!-- com.companyname.projectname.testscripts.TC001_testLogin -->
    </test> <!-- Test -->
  </suite> <!-- Regression Suit -->
</testng-results>
